<?xml version="1.0" encoding="UTF-8"?>
<testsuite name="TestSuite" time="138.705" tests="50" errors="0" skipped="10" failures="0">
  <properties>
[...]
</properties>
  <testcase name="TC_001" classname="testScripts.TestScripts" time="2.884"/>
  <testcase name="TC_002" classname="testScripts.TestScripts" time="1.214"/>
  <testcase name="TC_003" classname="testScripts.TestScripts" time="0">
    <skipped/>
    <system-out>TC_003
Iteration >>>>>>>>>>>>>>>>>>> 5
</system-out>
  </testcase>
  <testcase name="TC_001" classname="testScripts.TestScripts" time="2.906"/>
  <testcase name="TC_001" classname="testScripts.TestScripts" time="1.254"/>
  <testcase name="TC_001" classname="testScripts.TestScripts" time="0.108"/>
  <testcase name="TC_001" classname="testScripts.TestScripts" time="0.829"/>
  <testcase name="TC_002" classname="testScripts.TestScripts" time="0.755"/>
  <testcase name="TC_003" classname="testScripts.TestScripts" time="0">
    <skipped/>
    <system-out>TC_003
Iteration >>>>>>>>>>>>>>>>>>> 5
</system-out>
  </testcase>
  <testcase name="TC_004" classname="testScripts.TestScripts" time="3.546"/>
  <testcase name="TC_001" classname="testScripts.TestScripts" time="1.053"/>
  <testcase name="TC_002" classname="testScripts.TestScripts" time="0.341"/>
  <testcase name="TC_003" classname="testScripts.TestScripts" time="0">
    <skipped/>
    <system-out>TC_003
Iteration >>>>>>>>>>>>>>>>>>> 5
</system-out>
  </testcase>
  <testcase name="TC_002" classname="testScripts.TestScripts" time="2.277"/>
  <testcase name="TC_003" classname="testScripts.TestScripts" time="0">
    <skipped/>
    <system-out>TC_003
Iteration >>>>>>>>>>>>>>>>>>> 5
</system-out>
  </testcase>
  <testcase name="TC_002" classname="testScripts.TestScripts" time="0.009"/>
  <testcase name="TC_003" classname="testScripts.TestScripts" time="0">
    <skipped/>
    <system-out>TC_003
Iteration >>>>>>>>>>>>>>>>>>> 5
</system-out>
  </testcase>
  <testcase name="TC_004" classname="testScripts.TestScripts" time="0.256"/>
  <testcase name="TC_005" classname="testScripts.TestScripts" time="2.588"/>
  <testcase name="TC_001" classname="testScripts.TestScripts" time="2.596"/>
  <testcase name="TC_002" classname="testScripts.TestScripts" time="3.944"/>
  <testcase name="TC_003" classname="testScripts.TestScripts" time="0">
    <skipped/>
    <system-out>TC_003
Iteration >>>>>>>>>>>>>>>>>>> 5
</system-out>
  </testcase>
  <testcase name="TC_001" classname="testScripts.TestScripts" time="3.379"/>
  <testcase name="TC_005" classname="testScripts.TestScripts" time="1.217"/>
  <testcase name="TC_004" classname="testScripts.TestScripts" time="1.881"/>
  <testcase name="TC_002" classname="testScripts.TestScripts" time="2.443"/>
  <testcase name="TC_003" classname="testScripts.TestScripts" time="0">
    <skipped/>
    <system-out>TC_003
Iteration >>>>>>>>>>>>>>>>>>> 5
</system-out>
  </testcase>
  <testcase name="TC_004" classname="testScripts.TestScripts" time="0.801"/>
  <testcase name="TC_004" classname="testScripts.TestScripts" time="1.494"/>
  <testcase name="TC_001" classname="testScripts.TestScripts" time="3.532"/>
  <testcase name="TC_004" classname="testScripts.TestScripts" time="2.492"/>
  <testcase name="TC_002" classname="testScripts.TestScripts" time="0.872"/>
  <testcase name="TC_003" classname="testScripts.TestScripts" time="0">
    <skipped/>
    <system-out>TC_003
Iteration >>>>>>>>>>>>>>>>>>> 5
</system-out>
  </testcase>
  <testcase name="TC_005" classname="testScripts.TestScripts" time="2.857"/>
  <testcase name="TC_005" classname="testScripts.TestScripts" time="3.337"/>
  <testcase name="TC_004" classname="testScripts.TestScripts" time="3.38"/>
  <testcase name="TC_002" classname="testScripts.TestScripts" time="0.715"/>
  <testcase name="TC_003" classname="testScripts.TestScripts" time="0">
    <skipped/>
    <system-out>TC_003
Iteration >>>>>>>>>>>>>>>>>>> 5
</system-out>
  </testcase>
  <testcase name="TC_005" classname="testScripts.TestScripts" time="1.875"/>
  <testcase name="TC_005" classname="testScripts.TestScripts" time="7.722"/>
  <testcase name="TC_004" classname="testScripts.TestScripts" time="9.162"/>
  <testcase name="TC_001" classname="testScripts.TestScripts" time="1.339"/>
  <testcase name="TC_005" classname="testScripts.TestScripts" time="4.618"/>
  <testcase name="TC_004" classname="testScripts.TestScripts" time="5.983"/>
  <testcase name="TC_002" classname="testScripts.TestScripts" time="9.13"/>
  <testcase name="TC_003" classname="testScripts.TestScripts" time="0">
    <skipped/>
    <system-out>TC_003
Iteration >>>>>>>>>>>>>>>>>>> 5
</system-out>
  </testcase>
  <testcase name="TC_005" classname="testScripts.TestScripts" time="0.007"/>
  <testcase name="TC_005" classname="testScripts.TestScripts" time="6.737"/>
  <testcase name="TC_004" classname="testScripts.TestScripts" time="19.109"/>
  <testcase name="TC_005" classname="testScripts.TestScripts" time="18.063"/>
</testsuite>