<?xml version="1.0" encoding="UTF-8"?>
<!-- Generated by org.testng.reporters.JUnitXMLReporter -->
<testsuite hostname="MMDC02YN5JRJG5J" ignored="4" name="iOS-EXECUTION" tests="5" failures="0" timestamp="17 Jun 2021 15:07:39 GMT" time="87.463" errors="0">
  <testcase name="TC_001" time="9.053" classname="testScripts.TestScripts"/>
  <testcase name="TC_002" time="5.478" classname="testScripts.TestScripts"/>
  <testcase name="TC_003" time="16.191" classname="testScripts.TestScripts"/>
  <testcase name="TC_004" time="11.29" classname="testScripts.TestScripts"/>
  <testcase name="TC_005" time="10.671" classname="testScripts.TestScripts"/>
  <testcase name="TC_008" time="0.0" classname="testScripts.TestScripts">
    <ignored/>
  </testcase> <!-- TC_008 -->
  <testcase name="TC_007" time="0.0" classname="testScripts.TestScripts">
    <ignored/>
  </testcase> <!-- TC_007 -->
  <testcase name="TC_009" time="0.0" classname="testScripts.TestScripts">
    <ignored/>
  </testcase> <!-- TC_009 -->
  <testcase name="TC_006" time="0.0" classname="testScripts.TestScripts">
    <ignored/>
  </testcase> <!-- TC_006 -->
</testsuite> <!-- iOS-EXECUTION -->
