<?xml version="1.0" encoding="UTF-8"?>
<!-- Generated by org.testng.reporters.JUnitXMLReporter -->
<testsuite hostname="MMDC02YN5JRJG5J" ignored="4" name="Android-EXECUTION-Device5" tests="5" failures="0" timestamp="17 Jun 2021 21:15:42 GMT" time="113.645" errors="0">
  <testcase name="TC_001" time="15.496" classname="testScripts.TestScripts"/>
  <testcase name="TC_002" time="12.091" classname="testScripts.TestScripts"/>
  <testcase name="TC_003" time="0.0" classname="testScripts.TestScripts">
    <skipped/>
  </testcase> <!-- TC_003 -->
  <testcase name="TC_004" time="16.492" classname="testScripts.TestScripts"/>
  <testcase name="TC_005" time="15.975" classname="testScripts.TestScripts"/>
  <testcase name="TC_008" time="0.0" classname="testScripts.TestScripts">
    <ignored/>
  </testcase> <!-- TC_008 -->
  <testcase name="TC_007" time="0.0" classname="testScripts.TestScripts">
    <ignored/>
  </testcase> <!-- TC_007 -->
  <testcase name="TC_009" time="0.0" classname="testScripts.TestScripts">
    <ignored/>
  </testcase> <!-- TC_009 -->
  <testcase name="TC_006" time="0.0" classname="testScripts.TestScripts">
    <ignored/>
  </testcase> <!-- TC_006 -->
</testsuite> <!-- Android-EXECUTION-Device5 -->
